Compiled jquery.js  (23ms)  (pid 18526)
Compiled jquery_ujs.js  (0ms)  (pid 18526)
Compiled foundation/foundation.js  (0ms)  (pid 18526)
Compiled foundation/foundation.alerts.js  (0ms)  (pid 18526)
Compiled foundation/foundation.clearing.js  (0ms)  (pid 18526)
Compiled foundation/foundation.cookie.js  (0ms)  (pid 18526)
Compiled foundation/foundation.dropdown.js  (0ms)  (pid 18526)
Compiled foundation/foundation.forms.js  (0ms)  (pid 18526)
Compiled foundation/foundation.joyride.js  (0ms)  (pid 18526)
Compiled foundation/foundation.magellan.js  (0ms)  (pid 18526)
Compiled foundation/foundation.orbit.js  (0ms)  (pid 18526)
Compiled foundation/foundation.placeholder.js  (0ms)  (pid 18526)
Compiled foundation/foundation.reveal.js  (0ms)  (pid 18526)
Compiled foundation/foundation.section.js  (0ms)  (pid 18526)
Compiled foundation/foundation.tooltips.js  (0ms)  (pid 18526)
Compiled foundation/foundation.topbar.js  (0ms)  (pid 18526)
Compiled foundation/index.js  (64ms)  (pid 18526)
Compiled application.js  (106ms)  (pid 18526)
Compiled foundation_and_overrides.css  (2214ms)  (pid 18526)
Compiled stroke.css  (0ms)  (pid 18526)
Compiled reset.css  (0ms)  (pid 18526)
Compiled layout.css  (0ms)  (pid 18526)
Compiled common.css  (0ms)  (pid 18526)
Compiled modules.css  (0ms)  (pid 18526)
Compiled application.css  (2241ms)  (pid 18526)
Compiled vendor/custom.modernizr.js  (0ms)  (pid 18526)
Compiled vendor/zepto.js  (1ms)  (pid 18526)
Compiled jquery.js  (23ms)  (pid 18526)
Compiled jquery_ujs.js  (0ms)  (pid 18526)
Compiled foundation/foundation.js  (0ms)  (pid 18526)
Compiled foundation/foundation.alerts.js  (0ms)  (pid 18526)
Compiled foundation/foundation.clearing.js  (0ms)  (pid 18526)
Compiled foundation/foundation.cookie.js  (0ms)  (pid 18526)
Compiled foundation/foundation.dropdown.js  (0ms)  (pid 18526)
Compiled foundation/foundation.forms.js  (0ms)  (pid 18526)
Compiled foundation/foundation.joyride.js  (1ms)  (pid 18526)
Compiled foundation/foundation.magellan.js  (0ms)  (pid 18526)
Compiled foundation/foundation.orbit.js  (0ms)  (pid 18526)
Compiled foundation/foundation.placeholder.js  (0ms)  (pid 18526)
Compiled foundation/foundation.reveal.js  (0ms)  (pid 18526)
Compiled foundation/foundation.section.js  (0ms)  (pid 18526)
Compiled foundation/foundation.tooltips.js  (0ms)  (pid 18526)
Compiled foundation/foundation.topbar.js  (0ms)  (pid 18526)
Compiled foundation/index.js  (67ms)  (pid 18526)
Compiled application.js  (105ms)  (pid 18526)
Compiled foundation_and_overrides.css  (2170ms)  (pid 18526)
Compiled stroke.css  (0ms)  (pid 18526)
Compiled reset.css  (0ms)  (pid 18526)
Compiled layout.css  (0ms)  (pid 18526)
Compiled common.css  (0ms)  (pid 18526)
Compiled modules.css  (0ms)  (pid 18526)
Compiled application.css  (2197ms)  (pid 18526)
Compiled vendor/custom.modernizr.js  (0ms)  (pid 18526)
Compiled vendor/zepto.js  (1ms)  (pid 18526)
Compiled jquery.js  (22ms)  (pid 18537)
Compiled jquery_ujs.js  (0ms)  (pid 18537)
Compiled foundation/foundation.js  (0ms)  (pid 18537)
Compiled foundation/foundation.alerts.js  (0ms)  (pid 18537)
Compiled foundation/foundation.clearing.js  (0ms)  (pid 18537)
Compiled foundation/foundation.cookie.js  (0ms)  (pid 18537)
Compiled foundation/foundation.dropdown.js  (0ms)  (pid 18537)
Compiled foundation/foundation.forms.js  (0ms)  (pid 18537)
Compiled foundation/foundation.joyride.js  (0ms)  (pid 18537)
Compiled foundation/foundation.magellan.js  (0ms)  (pid 18537)
Compiled foundation/foundation.orbit.js  (0ms)  (pid 18537)
Compiled foundation/foundation.placeholder.js  (0ms)  (pid 18537)
Compiled foundation/foundation.reveal.js  (0ms)  (pid 18537)
Compiled foundation/foundation.section.js  (0ms)  (pid 18537)
Compiled foundation/foundation.tooltips.js  (0ms)  (pid 18537)
Compiled foundation/foundation.topbar.js  (0ms)  (pid 18537)
Compiled foundation/index.js  (63ms)  (pid 18537)
Compiled application.js  (102ms)  (pid 18537)
Compiled foundation_and_overrides.css  (2162ms)  (pid 18537)
Compiled stroke.css  (0ms)  (pid 18537)
Compiled reset.css  (0ms)  (pid 18537)
Compiled layout.css  (0ms)  (pid 18537)
Compiled common.css  (0ms)  (pid 18537)
Compiled modules.css  (0ms)  (pid 18537)
Compiled application.css  (2187ms)  (pid 18537)
Compiled vendor/custom.modernizr.js  (0ms)  (pid 18537)
Compiled vendor/zepto.js  (0ms)  (pid 18537)
Compiled jquery.js  (23ms)  (pid 18537)
Compiled jquery_ujs.js  (0ms)  (pid 18537)
Compiled foundation/foundation.js  (0ms)  (pid 18537)
Compiled foundation/foundation.alerts.js  (0ms)  (pid 18537)
Compiled foundation/foundation.clearing.js  (0ms)  (pid 18537)
Compiled foundation/foundation.cookie.js  (0ms)  (pid 18537)
Compiled foundation/foundation.dropdown.js  (0ms)  (pid 18537)
Compiled foundation/foundation.forms.js  (0ms)  (pid 18537)
Compiled foundation/foundation.joyride.js  (0ms)  (pid 18537)
Compiled foundation/foundation.magellan.js  (0ms)  (pid 18537)
Compiled foundation/foundation.orbit.js  (0ms)  (pid 18537)
Compiled foundation/foundation.placeholder.js  (0ms)  (pid 18537)
Compiled foundation/foundation.reveal.js  (0ms)  (pid 18537)
Compiled foundation/foundation.section.js  (0ms)  (pid 18537)
Compiled foundation/foundation.tooltips.js  (0ms)  (pid 18537)
Compiled foundation/foundation.topbar.js  (0ms)  (pid 18537)
Compiled foundation/index.js  (60ms)  (pid 18537)
Compiled application.js  (101ms)  (pid 18537)
Compiled foundation_and_overrides.css  (2136ms)  (pid 18537)
Compiled stroke.css  (0ms)  (pid 18537)
Compiled reset.css  (0ms)  (pid 18537)
Compiled layout.css  (1ms)  (pid 18537)
Compiled common.css  (0ms)  (pid 18537)
Compiled modules.css  (0ms)  (pid 18537)
Compiled application.css  (2163ms)  (pid 18537)
Compiled vendor/custom.modernizr.js  (0ms)  (pid 18537)
Compiled vendor/zepto.js  (0ms)  (pid 18537)
Compiled jquery.js  (23ms)  (pid 18558)
Compiled jquery_ujs.js  (0ms)  (pid 18558)
Compiled foundation/foundation.js  (0ms)  (pid 18558)
Compiled foundation/foundation.alerts.js  (0ms)  (pid 18558)
Compiled foundation/foundation.clearing.js  (0ms)  (pid 18558)
Compiled foundation/foundation.cookie.js  (0ms)  (pid 18558)
Compiled foundation/foundation.dropdown.js  (0ms)  (pid 18558)
Compiled foundation/foundation.forms.js  (0ms)  (pid 18558)
Compiled foundation/foundation.joyride.js  (0ms)  (pid 18558)
Compiled foundation/foundation.magellan.js  (0ms)  (pid 18558)
Compiled foundation/foundation.orbit.js  (0ms)  (pid 18558)
Compiled foundation/foundation.placeholder.js  (0ms)  (pid 18558)
Compiled foundation/foundation.reveal.js  (0ms)  (pid 18558)
Compiled foundation/foundation.section.js  (0ms)  (pid 18558)
Compiled foundation/foundation.tooltips.js  (0ms)  (pid 18558)
Compiled foundation/foundation.topbar.js  (0ms)  (pid 18558)
Compiled foundation/index.js  (65ms)  (pid 18558)
Compiled application.js  (105ms)  (pid 18558)
Compiled foundation_and_overrides.css  (2176ms)  (pid 18558)
Compiled stroke.css  (0ms)  (pid 18558)
Compiled reset.css  (0ms)  (pid 18558)
Compiled layout.css  (1ms)  (pid 18558)
Compiled common.css  (0ms)  (pid 18558)
Compiled modules.css  (0ms)  (pid 18558)
Compiled application.css  (2204ms)  (pid 18558)
Compiled vendor/custom.modernizr.js  (0ms)  (pid 18558)
Compiled vendor/zepto.js  (0ms)  (pid 18558)
Compiled jquery.js  (22ms)  (pid 18558)
Compiled jquery_ujs.js  (0ms)  (pid 18558)
Compiled foundation/foundation.js  (0ms)  (pid 18558)
Compiled foundation/foundation.alerts.js  (0ms)  (pid 18558)
Compiled foundation/foundation.clearing.js  (0ms)  (pid 18558)
Compiled foundation/foundation.cookie.js  (0ms)  (pid 18558)
Compiled foundation/foundation.dropdown.js  (0ms)  (pid 18558)
Compiled foundation/foundation.forms.js  (0ms)  (pid 18558)
Compiled foundation/foundation.joyride.js  (0ms)  (pid 18558)
Compiled foundation/foundation.magellan.js  (0ms)  (pid 18558)
Compiled foundation/foundation.orbit.js  (0ms)  (pid 18558)
Compiled foundation/foundation.placeholder.js  (0ms)  (pid 18558)
Compiled foundation/foundation.reveal.js  (0ms)  (pid 18558)
Compiled foundation/foundation.section.js  (0ms)  (pid 18558)
Compiled foundation/foundation.tooltips.js  (0ms)  (pid 18558)
Compiled foundation/foundation.topbar.js  (0ms)  (pid 18558)
Compiled foundation/index.js  (60ms)  (pid 18558)
Compiled application.js  (100ms)  (pid 18558)
Compiled foundation_and_overrides.css  (2150ms)  (pid 18558)
Compiled stroke.css  (0ms)  (pid 18558)
Compiled reset.css  (0ms)  (pid 18558)
Compiled layout.css  (1ms)  (pid 18558)
Compiled common.css  (0ms)  (pid 18558)
Compiled modules.css  (0ms)  (pid 18558)
Compiled application.css  (2179ms)  (pid 18558)
Compiled vendor/custom.modernizr.js  (0ms)  (pid 18558)
Compiled vendor/zepto.js  (0ms)  (pid 18558)
